[ 2018-08-21T14:38:57+08:00 ] 127.0.0.1 127.0.0.1 GET /public/index.php
[ log ] dzc.canlian.com/public/index.php [运行时间：0.244014s][吞吐率：4.10req/s] [内存消耗：5,804.84kb] [文件加载：56]
[ info ] [ LANG ] D:\wamp64\www\canlian\thinkphp\lang\zh-cn.php
[ info ] [ ROUTE ] array (
  'type' => 'module',
  'module' => 
  array (
    0 => '',
    1 => NULL,
    2 => NULL,
  ),
)
[ info ] [ HEADER ] array (
  'host' => 'dzc.canlian.com',
  'connection' => 'keep-alive',
  'upgrade-insecure-requests' => '1',
  'user-agent' => 'Mozilla/5.0 (Windows NT 6.1; Win64; x64) AppleWebKit/537.36 (KHTML, like Gecko) Chrome/68.0.3440.106 Safari/537.36',
  'accept' => 'text/html,application/xhtml+xml,application/xml;q=0.9,image/webp,image/apng,*/*;q=0.8',
  'accept-encoding' => 'gzip, deflate',
  'accept-language' => 'zh-CN,zh;q=0.9',
)
[ info ] [ PARAM ] array (
)
[ info ] [ DB ] INIT mysql
[ info ] [ DB ] INIT mysql
[ info ] [ DB ] INIT mysql
[ info ] [ DB ] INIT mysql
[ info ] [ DB ] INIT mysql
[ info ] [ DB ] INIT mysql
[ info ] [ DB ] INIT mysql
[ info ] [ DB ] INIT mysql
[ info ] [ DB ] INIT mysql
[ info ] [ RUN ] app\index\controller\Index->index[ D:\wamp64\www\canlian\application\index\controller\Index.php ]
[ info ] [ DB ] INIT mysql
[ info ] [ DB ] INIT mysql
[ info ] [ DB ] INIT mysql
[ info ] [ DB ] INIT mysql
[ info ] [ DB ] INIT mysql
[ info ] [ DB ] INIT mysql
[ info ] [ DB ] INIT mysql
[ info ] [ DB ] INIT mysql
[ info ] [ DB ] INIT mysql
[ info ] [ DB ] INIT mysql
[ info ] [ VIEW ] ../template/default/index.htm [ array (
  0 => 'temp',
  1 => 'temp_src',
  2 => 'cateRes',
  3 => 'botCateRes',
  4 => 'confs',
  5 => 'topcid',
  6 => 'about',
  7 => 'service',
  8 => 'news',
  9 => 'proRes',
  10 => 'imgRes',
  11 => 'xinwen',
  12 => 'jiaoyu',
  13 => 'jituan_cates',
  14 => 'jituan_abouts',
) ]
[ info ] [ LOG ] INIT File
[ sql ] [ DB ] CONNECT:[ UseTime:0.002000s ] mysql:dbname=canlian;host=localhost;charset=utf8
[ sql ] [ SQL ] SHOW COLUMNS FROM `tp_conf` [ RunTime:0.004001s ]
[ sql ] [ SQL ] SELECT `value` FROM `tp_conf` WHERE  `ename` = 'temp' LIMIT 1 [ RunTime:0.001000s ]
[ sql ] [ DB ] CONNECT:[ UseTime:0.002000s ] mysql:dbname=canlian;host=localhost;charset=utf8
[ sql ] [ SQL ] SHOW COLUMNS FROM `tp_cate` [ RunTime:0.004000s ]
[ sql ] [ SQL ] SELECT * FROM `tp_cate` WHERE  `pid` = 0  AND `status` = 1 [ RunTime:0.001000s ]
[ sql ] [ DB ] CONNECT:[ UseTime:0.011001s ] mysql:dbname=canlian;host=localhost;charset=utf8
[ sql ] [ SQL ] SELECT * FROM `tp_cate` WHERE  `pid` = 1  AND `status` = 1 [ RunTime:0.001000s ]
[ sql ] [ DB ] CONNECT:[ UseTime:0.015001s ] mysql:dbname=canlian;host=localhost;charset=utf8
[ sql ] [ SQL ] SELECT * FROM `tp_cate` WHERE  `pid` = 5  AND `status` = 1 [ RunTime:0.002000s ]
[ sql ] [ DB ] CONNECT:[ UseTime:0.002000s ] mysql:dbname=canlian;host=localhost;charset=utf8
[ sql ] [ SQL ] SELECT * FROM `tp_cate` WHERE  `pid` = 8  AND `status` = 1 [ RunTime:0.001000s ]
[ sql ] [ DB ] CONNECT:[ UseTime:0.002000s ] mysql:dbname=canlian;host=localhost;charset=utf8
[ sql ] [ SQL ] SELECT * FROM `tp_cate` WHERE  `pid` = 13  AND `status` = 1 [ RunTime:0.001000s ]
[ sql ] [ DB ] CONNECT:[ UseTime:0.012000s ] mysql:dbname=canlian;host=localhost;charset=utf8
[ sql ] [ SQL ] SELECT * FROM `tp_cate` WHERE  `pid` = 0  AND `status` = 1  AND `bottom_nav` = 1 [ RunTime:0.001000s ]
[ sql ] [ DB ] CONNECT:[ UseTime:0.002000s ] mysql:dbname=canlian;host=localhost;charset=utf8
[ sql ] [ SQL ] SELECT * FROM `tp_cate` WHERE  `pid` = 1  AND `status` = 1 [ RunTime:0.002001s ]
[ sql ] [ DB ] CONNECT:[ UseTime:0.002000s ] mysql:dbname=canlian;host=localhost;charset=utf8
[ sql ] [ SQL ] SELECT `ename`,`value` FROM `tp_conf` [ RunTime:0.001000s ]
[ sql ] [ DB ] CONNECT:[ UseTime:0.003000s ] mysql:dbname=canlian;host=localhost;charset=utf8
[ sql ] [ SQL ] SHOW COLUMNS FROM `tp_archives` [ RunTime:0.003000s ]
[ sql ] [ SQL ] SELECT * FROM `tp_archives` WHERE  `cate_id` IN (5,6,7) ORDER BY time desc [ RunTime:0.001000s ]
[ sql ] [ DB ] CONNECT:[ UseTime:0.011001s ] mysql:dbname=canlian;host=localhost;charset=utf8
[ sql ] [ SQL ] SELECT * FROM `tp_archives` WHERE  `cate_id` = 11 ORDER BY id desc [ RunTime:0.001000s ]
[ sql ] [ DB ] CONNECT:[ UseTime:0.003000s ] mysql:dbname=canlian;host=localhost;charset=utf8
[ sql ] [ SQL ] SELECT * FROM `tp_cate` WHERE  `id` = 20 ORDER BY id desc [ RunTime:0.000000s ]
[ sql ] [ DB ] CONNECT:[ UseTime:0.002000s ] mysql:dbname=canlian;host=localhost;charset=utf8
[ sql ] [ SQL ] SELECT `content` FROM `tp_cate` WHERE  `id` = 8 LIMIT 1 [ RunTime:0.001000s ]
[ sql ] [ DB ] CONNECT:[ UseTime:0.002000s ] mysql:dbname=canlian;host=localhost;charset=utf8
[ sql ] [ SQL ] SELECT * FROM `tp_archives` WHERE  `cate_id` = 5 ORDER BY id desc LIMIT 1 [ RunTime:0.001000s ]
[ sql ] [ DB ] CONNECT:[ UseTime:0.002000s ] mysql:dbname=canlian;host=localhost;charset=utf8
[ sql ] [ SQL ] SELECT * FROM `tp_archives` WHERE  `cate_id` IN (0,9,10) ORDER BY click desc LIMIT 10 [ RunTime:0.001000s ]
[ sql ] [ DB ] CONNECT:[ UseTime:0.003000s ] mysql:dbname=canlian;host=localhost;charset=utf8
[ sql ] [ SQL ] SHOW COLUMNS FROM `tp_ad` [ RunTime:0.004001s ]
[ sql ] [ SQL ] SELECT * FROM `tp_ad` WHERE  `adpos_id` IN (8)  AND `on` = 1 [ RunTime:0.000000s ]
[ sql ] [ DB ] CONNECT:[ UseTime:0.003000s ] mysql:dbname=canlian;host=localhost;charset=utf8
[ sql ] [ SQL ] SHOW COLUMNS FROM `tp_adflash` [ RunTime:0.003000s ]
[ sql ] [ SQL ] SELECT * FROM `tp_adflash` WHERE  `ad_id` = 76 [ RunTime:0.001000s ]
[ sql ] [ DB ] CONNECT:[ UseTime:0.003000s ] mysql:dbname=canlian;host=localhost;charset=utf8
[ sql ] [ SQL ] SELECT * FROM `tp_cate` WHERE  `pid` = 8 ORDER BY sort desc [ RunTime:0.000000s ]
[ sql ] [ DB ] CONNECT:[ UseTime:0.002000s ] mysql:dbname=canlian;host=localhost;charset=utf8
[ sql ] [ SQL ] SELECT * FROM `tp_cate` WHERE  `pid` = 1 ORDER BY sort desc [ RunTime:0.001000s ]

---------------------------------------------------------------
[ 2018-08-21T14:41:05+08:00 ] 127.0.0.1 127.0.0.1 POST /public/index.php/index/cate/search.html
[ log ] dzc.canlian.com/public/index.php/index/cate/search.html [运行时间：0.242014s][吞吐率：4.13req/s] [内存消耗：5,890.83kb] [文件加载：59]
[ info ] [ LANG ] D:\wamp64\www\canlian\thinkphp\lang\zh-cn.php
[ info ] [ ROUTE ] array (
  'type' => 'module',
  'module' => 
  array (
    0 => 'index',
    1 => 'cate',
    2 => 'search',
  ),
)
[ info ] [ HEADER ] array (
  'host' => 'dzc.canlian.com',
  'connection' => 'keep-alive',
  'content-length' => '11',
  'cache-control' => 'max-age=0',
  'origin' => 'http://dzc.canlian.com',
  'upgrade-insecure-requests' => '1',
  'content-type' => 'application/x-www-form-urlencoded',
  'user-agent' => 'Mozilla/5.0 (Windows NT 6.1; Win64; x64) AppleWebKit/537.36 (KHTML, like Gecko) Chrome/68.0.3440.106 Safari/537.36',
  'accept' => 'text/html,application/xhtml+xml,application/xml;q=0.9,image/webp,image/apng,*/*;q=0.8',
  'referer' => 'http://dzc.canlian.com/public/index.php',
  'accept-encoding' => 'gzip, deflate',
  'accept-language' => 'zh-CN,zh;q=0.9',
)
[ info ] [ PARAM ] array (
  'kwtype' => '0',
  'q' => '',
)
[ info ] [ DB ] INIT mysql
[ info ] [ DB ] INIT mysql
[ info ] [ DB ] INIT mysql
[ info ] [ DB ] INIT mysql
[ info ] [ DB ] INIT mysql
[ info ] [ DB ] INIT mysql
[ info ] [ DB ] INIT mysql
[ info ] [ DB ] INIT mysql
[ info ] [ DB ] INIT mysql
[ info ] [ RUN ] app\index\controller\Cate->search[ D:\wamp64\www\canlian\application\index\controller\Cate.php ]
[ info ] [ DB ] INIT mysql
[ info ] [ DB ] INIT mysql
[ info ] [ DB ] INIT mysql
[ info ] [ DB ] INIT mysql
[ info ] [ DB ] INIT mysql
[ info ] [ DB ] INIT mysql
[ info ] [ DB ] INIT mysql
[ info ] [ DB ] INIT mysql
[ info ] [ DB ] INIT mysql
[ info ] [ DB ] INIT mysql
[ info ] [ VIEW ] ../template/default/search.htm [ array (
  0 => 'temp',
  1 => 'temp_src',
  2 => 'cateRes',
  3 => 'botCateRes',
  4 => 'confs',
  5 => 'artRes',
  6 => 'topcid',
  7 => 'cid',
  8 => 'topCates',
  9 => 'sonCateRes',
  10 => 'pos',
  11 => 'pare',
) ]
[ info ] [ LOG ] INIT File
[ sql ] [ DB ] CONNECT:[ UseTime:0.012001s ] mysql:dbname=canlian;host=localhost;charset=utf8
[ sql ] [ SQL ] SHOW COLUMNS FROM `tp_conf` [ RunTime:0.002000s ]
[ sql ] [ SQL ] SELECT `value` FROM `tp_conf` WHERE  `ename` = 'temp' LIMIT 1 [ RunTime:0.000000s ]
[ sql ] [ DB ] CONNECT:[ UseTime:0.002000s ] mysql:dbname=canlian;host=localhost;charset=utf8
[ sql ] [ SQL ] SHOW COLUMNS FROM `tp_cate` [ RunTime:0.001000s ]
[ sql ] [ SQL ] SELECT * FROM `tp_cate` WHERE  `pid` = 0  AND `status` = 1 [ RunTime:0.000000s ]
[ sql ] [ DB ] CONNECT:[ UseTime:0.002000s ] mysql:dbname=canlian;host=localhost;charset=utf8
[ sql ] [ SQL ] SELECT * FROM `tp_cate` WHERE  `pid` = 1  AND `status` = 1 [ RunTime:0.001000s ]
[ sql ] [ DB ] CONNECT:[ UseTime:0.002000s ] mysql:dbname=canlian;host=localhost;charset=utf8
[ sql ] [ SQL ] SELECT * FROM `tp_cate` WHERE  `pid` = 5  AND `status` = 1 [ RunTime:0.000000s ]
[ sql ] [ DB ] CONNECT:[ UseTime:0.012001s ] mysql:dbname=canlian;host=localhost;charset=utf8
[ sql ] [ SQL ] SELECT * FROM `tp_cate` WHERE  `pid` = 8  AND `status` = 1 [ RunTime:0.000000s ]
[ sql ] [ DB ] CONNECT:[ UseTime:0.002000s ] mysql:dbname=canlian;host=localhost;charset=utf8
[ sql ] [ SQL ] SELECT * FROM `tp_cate` WHERE  `pid` = 13  AND `status` = 1 [ RunTime:0.001000s ]
[ sql ] [ DB ] CONNECT:[ UseTime:0.012001s ] mysql:dbname=canlian;host=localhost;charset=utf8
[ sql ] [ SQL ] SELECT * FROM `tp_cate` WHERE  `pid` = 0  AND `status` = 1  AND `bottom_nav` = 1 [ RunTime:0.001000s ]
[ sql ] [ DB ] CONNECT:[ UseTime:0.002000s ] mysql:dbname=canlian;host=localhost;charset=utf8
[ sql ] [ SQL ] SELECT * FROM `tp_cate` WHERE  `pid` = 1  AND `status` = 1 [ RunTime:0.001000s ]
[ sql ] [ DB ] CONNECT:[ UseTime:0.002001s ] mysql:dbname=canlian;host=localhost;charset=utf8
[ sql ] [ SQL ] SELECT `ename`,`value` FROM `tp_conf` [ RunTime:0.001000s ]
[ sql ] [ DB ] CONNECT:[ UseTime:0.002000s ] mysql:dbname=canlian;host=localhost;charset=utf8
[ sql ] [ SQL ] SELECT * FROM `tp_cate` WHERE  `id` = 5 LIMIT 1 [ RunTime:0.000000s ]
[ sql ] [ DB ] CONNECT:[ UseTime:0.002000s ] mysql:dbname=canlian;host=localhost;charset=utf8
[ sql ] [ SQL ] SHOW COLUMNS FROM `tp_model` [ RunTime:0.018001s ]
[ sql ] [ SQL ] SELECT `table_name` FROM `tp_model` WHERE  `id` = 28 LIMIT 1 [ RunTime:0.000000s ]
[ sql ] [ DB ] CONNECT:[ UseTime:0.002001s ] mysql:dbname=canlian;host=localhost;charset=utf8
[ sql ] [ SQL ] SELECT `id`,`pid` FROM `tp_cate` [ RunTime:0.001000s ]
[ sql ] [ DB ] CONNECT:[ UseTime:0.003000s ] mysql:dbname=canlian;host=localhost;charset=utf8
[ sql ] [ SQL ] SHOW COLUMNS FROM `tp_archives` [ RunTime:0.001000s ]
[ sql ] [ SQL ] SELECT COUNT(*) AS tp_count FROM `tp_archives` `a` INNER JOIN `tp_article` `b` ON `a`.`id`=`b`.`aid` WHERE  `cate_id` IN (6,7,5) LIMIT 1 [ RunTime:0.002000s ]
[ sql ] [ SQL ] SELECT * FROM `tp_archives` `a` INNER JOIN `tp_article` `b` ON `a`.`id`=`b`.`aid` WHERE  `cate_id` IN (6,7,5) ORDER BY a.id desc LIMIT 0,8 [ RunTime:0.001000s ]
[ sql ] [ DB ] CONNECT:[ UseTime:0.002000s ] mysql:dbname=canlian;host=localhost;charset=utf8
[ sql ] [ SQL ] SELECT `id`,`pid` FROM `tp_cate` [ RunTime:0.001000s ]
[ sql ] [ DB ] CONNECT:[ UseTime:0.003000s ] mysql:dbname=canlian;host=localhost;charset=utf8
[ sql ] [ SQL ] SELECT * FROM `tp_cate` WHERE  `id` = 5 LIMIT 1 [ RunTime:0.000000s ]
[ sql ] [ DB ] CONNECT:[ UseTime:0.011001s ] mysql:dbname=canlian;host=localhost;charset=utf8
[ sql ] [ SQL ] SELECT * FROM `tp_cate` WHERE  `pid` = 5  AND `status` = 1 [ RunTime:0.000000s ]
[ sql ] [ DB ] CONNECT:[ UseTime:0.012000s ] mysql:dbname=canlian;host=localhost;charset=utf8
[ sql ] [ SQL ] SELECT `id`,`cate_name`,`pid`,`cate_attr` FROM `tp_cate` WHERE  `id` = 5 LIMIT 1 [ RunTime:0.000000s ]
[ sql ] [ DB ] CONNECT:[ UseTime:0.002000s ] mysql:dbname=canlian;host=localhost;charset=utf8
[ sql ] [ SQL ] SELECT `id`,`cate_name`,`pid`,`cate_attr` FROM `tp_cate` [ RunTime:0.001001s ]
[ sql ] [ DB ] CONNECT:[ UseTime:0.011000s ] mysql:dbname=canlian;host=localhost;charset=utf8
[ sql ] [ SQL ] SELECT `id`,`cate_name`,`pid`,`cate_attr` FROM `tp_cate` WHERE  `id` = 5 LIMIT 1 [ RunTime:0.000000s ]

---------------------------------------------------------------
[ 2018-08-21T14:41:05+08:00 ] 127.0.0.1 127.0.0.1 GET /public/index.php/index/cate/[field:picname/]
[ log ] dzc.canlian.com/public/index.php/index/cate/[field:picname/] [运行时间：0.179011s][吞吐率：5.59req/s] [内存消耗：4,776.99kb] [文件加载：55]
[ info ] [ LANG ] D:\wamp64\www\canlian\thinkphp\lang\zh-cn.php
[ info ] [ ROUTE ] array (
  'type' => 'module',
  'module' => 
  array (
    0 => 'index',
    1 => 'cate',
    2 => '[field:picname',
  ),
)
[ info ] [ HEADER ] array (
  'host' => 'dzc.canlian.com',
  'connection' => 'keep-alive',
  'user-agent' => 'Mozilla/5.0 (Windows NT 6.1; Win64; x64) AppleWebKit/537.36 (KHTML, like Gecko) Chrome/68.0.3440.106 Safari/537.36',
  'accept' => 'image/webp,image/apng,image/*,*/*;q=0.8',
  'referer' => 'http://dzc.canlian.com/public/index.php/index/cate/search.html',
  'accept-encoding' => 'gzip, deflate',
  'accept-language' => 'zh-CN,zh;q=0.9',
)
[ info ] [ PARAM ] array (
)
[ info ] [ DB ] INIT mysql
[ info ] [ DB ] INIT mysql
[ info ] [ DB ] INIT mysql
[ info ] [ DB ] INIT mysql
[ info ] [ DB ] INIT mysql
[ info ] [ DB ] INIT mysql
[ info ] [ DB ] INIT mysql
[ info ] [ DB ] INIT mysql
[ info ] [ DB ] INIT mysql
[ info ] [ LOG ] INIT File
[ sql ] [ DB ] CONNECT:[ UseTime:0.012001s ] mysql:dbname=canlian;host=localhost;charset=utf8
[ sql ] [ SQL ] SHOW COLUMNS FROM `tp_conf` [ RunTime:0.002000s ]
[ sql ] [ SQL ] SELECT `value` FROM `tp_conf` WHERE  `ename` = 'temp' LIMIT 1 [ RunTime:0.001000s ]
[ sql ] [ DB ] CONNECT:[ UseTime:0.005001s ] mysql:dbname=canlian;host=localhost;charset=utf8
[ sql ] [ SQL ] SHOW COLUMNS FROM `tp_cate` [ RunTime:0.002000s ]
[ sql ] [ SQL ] SELECT * FROM `tp_cate` WHERE  `pid` = 0  AND `status` = 1 [ RunTime:0.002000s ]
[ sql ] [ DB ] CONNECT:[ UseTime:0.012001s ] mysql:dbname=canlian;host=localhost;charset=utf8
[ sql ] [ SQL ] SELECT * FROM `tp_cate` WHERE  `pid` = 1  AND `status` = 1 [ RunTime:0.000000s ]
[ sql ] [ DB ] CONNECT:[ UseTime:0.002000s ] mysql:dbname=canlian;host=localhost;charset=utf8
[ sql ] [ SQL ] SELECT * FROM `tp_cate` WHERE  `pid` = 5  AND `status` = 1 [ RunTime:0.001000s ]
[ sql ] [ DB ] CONNECT:[ UseTime:0.002000s ] mysql:dbname=canlian;host=localhost;charset=utf8
[ sql ] [ SQL ] SELECT * FROM `tp_cate` WHERE  `pid` = 8  AND `status` = 1 [ RunTime:0.001000s ]
[ sql ] [ DB ] CONNECT:[ UseTime:0.002000s ] mysql:dbname=canlian;host=localhost;charset=utf8
[ sql ] [ SQL ] SELECT * FROM `tp_cate` WHERE  `pid` = 13  AND `status` = 1 [ RunTime:0.001000s ]
[ sql ] [ DB ] CONNECT:[ UseTime:0.002001s ] mysql:dbname=canlian;host=localhost;charset=utf8
[ sql ] [ SQL ] SELECT * FROM `tp_cate` WHERE  `pid` = 0  AND `status` = 1  AND `bottom_nav` = 1 [ RunTime:0.001000s ]
[ sql ] [ DB ] CONNECT:[ UseTime:0.012000s ] mysql:dbname=canlian;host=localhost;charset=utf8
[ sql ] [ SQL ] SELECT * FROM `tp_cate` WHERE  `pid` = 1  AND `status` = 1 [ RunTime:0.001000s ]
[ sql ] [ DB ] CONNECT:[ UseTime:0.003001s ] mysql:dbname=canlian;host=localhost;charset=utf8
[ sql ] [ SQL ] SELECT `ename`,`value` FROM `tp_conf` [ RunTime:0.001000s ]

---------------------------------------------------------------
